0 info it worked if it ends with ok
1 verbose cli [ 'C:\\Program Files\\nodejs\\node.exe',
1 verbose cli   'C:\\Program Files\\nodejs\\node_modules\\npm\\bin\\npm-cli.js',
1 verbose cli   'run',
1 verbose cli   'cucumber' ]
2 info using npm@3.10.10
3 info using node@v6.11.0
4 verbose run-script [ 'precucumber', 'cucumber', 'postcucumber' ]
5 info lifecycle cucumberjs@1.0.0~precucumber: cucumberjs@1.0.0
6 silly lifecycle cucumberjs@1.0.0~precucumber: no script for precucumber, continuing
7 info lifecycle cucumberjs@1.0.0~cucumber: cucumberjs@1.0.0
8 verbose lifecycle cucumberjs@1.0.0~cucumber: unsafe-perm in lifecycle true
9 verbose lifecycle cucumberjs@1.0.0~cucumber: PATH: C:\Program Files\nodejs\node_modules\npm\bin\node-gyp-bin;C:\Users\caio.melo\Documents\Dotz\Projetos\Workpaces\Protractor\cucumberJS\node_modules\.bin;C:\cmder\bin;C:\cmder\vendor\conemu-maximus5\ConEmu\Scripts;C:\cmder\vendor\conemu-maximus5;C:\cmder\vendor\conemu-maximus5\ConEmu;C:\ProgramData\Oracle\Java\javapath;C:\WINDOWS\system32;C:\WINDOWS;C:\WINDOWS\System32\Wbem;C:\WINDOWS\System32\WindowsPowerShell\v1.0\;C:\Program Files (x86)\ATI Technologies\ATI.ACE\Core-Static;C:\Program Files\Microsoft SQL Server\Client SDK\ODBC\110\Tools\Binn\;C:\Program Files (x86)\Microsoft SQL Server\120\Tools\Binn\;C:\Program Files\Microsoft SQL Server\120\Tools\Binn\;C:\Program Files\Microsoft SQL Server\120\DTS\Binn\;C:\Program Files (x86)\Microsoft SQL Server\120\Tools\Binn\ManagementStudio\;C:\Program Files (x86)\Microsoft SQL Server\120\DTS\Binn\;C:\Program Files\Java\jdk1.8.0_111;C:\Users\thiago.carvalho\AppData\Local\Android\sdk1\platform-tools;C:\Users\thiago.carvalho\AppData\Local\Android\sdk1\tools;C:\Program Files\Git\cmd;C:\Program Files\nodejs\;C:\Program Files\dotnet\;C:\Ruby23-x64\bin;C:\Users\caio.melo\AppData\Local\Microsoft\WindowsApps;C:\Users\caio.melo\AppData\Roaming\npm;C:\Program Files (x86)\Microsoft VS Code\bin;C:\Program Files\Git\usr\bin;C:\Program Files\Git\usr\share\vim\vim74;C:\cmder\
10 verbose lifecycle cucumberjs@1.0.0~cucumber: CWD: C:\Users\caio.melo\Documents\Dotz\Projetos\Workpaces\Protractor\cucumberJS
11 silly lifecycle cucumberjs@1.0.0~cucumber: Args: [ '/d /s /c', 'cucumber-js' ]
12 silly lifecycle cucumberjs@1.0.0~cucumber: Returned: code: 1  signal: null
13 info lifecycle cucumberjs@1.0.0~cucumber: Failed to exec cucumber script
14 verbose stack Error: cucumberjs@1.0.0 cucumber: `cucumber-js`
14 verbose stack Exit status 1
14 verbose stack     at EventEmitter.<anonymous> (C:\Program Files\nodejs\node_modules\npm\lib\utils\lifecycle.js:255:16)
14 verbose stack     at emitTwo (events.js:106:13)
14 verbose stack     at EventEmitter.emit (events.js:191:7)
14 verbose stack     at ChildProcess.<anonymous> (C:\Program Files\nodejs\node_modules\npm\lib\utils\spawn.js:40:14)
14 verbose stack     at emitTwo (events.js:106:13)
14 verbose stack     at ChildProcess.emit (events.js:191:7)
14 verbose stack     at maybeClose (internal/child_process.js:891:16)
14 verbose stack     at Process.ChildProcess._handle.onexit (internal/child_process.js:226:5)
15 verbose pkgid cucumberjs@1.0.0
16 verbose cwd C:\Users\caio.melo\Documents\Dotz\Projetos\Workpaces\Protractor\cucumberJS
17 error Windows_NT 10.0.14393
18 error argv "C:\\Program Files\\nodejs\\node.exe" "C:\\Program Files\\nodejs\\node_modules\\npm\\bin\\npm-cli.js" "run" "cucumber"
19 error node v6.11.0
20 error npm  v3.10.10
21 error code ELIFECYCLE
22 error cucumberjs@1.0.0 cucumber: `cucumber-js`
22 error Exit status 1
23 error Failed at the cucumberjs@1.0.0 cucumber script 'cucumber-js'.
23 error Make sure you have the latest version of node.js and npm installed.
23 error If you do, this is most likely a problem with the cucumberjs package,
23 error not with npm itself.
23 error Tell the author that this fails on your system:
23 error     cucumber-js
23 error You can get information on how to open an issue for this project with:
23 error     npm bugs cucumberjs
23 error Or if that isn't available, you can get their info via:
23 error     npm owner ls cucumberjs
23 error There is likely additional logging output above.
24 verbose exit [ 1, true ]
